\BOOKMARK [1][-]{section.1}{\376\377\000I\000n\000t\000r\000o\000d\000u\000c\000t\000i\000o\000n}{}% 1
\BOOKMARK [1][-]{section.2}{\376\377\000D\000a\000t\000a\000s\000e\000t}{}% 2
\BOOKMARK [2][-]{subsection.2.1}{\376\377\000D\000a\000t\000a\000s\000e\000t\000\040\000A\000n\000a\000l\000y\000s\000i\000s}{section.2}% 3
\BOOKMARK [3][-]{subsubsection.2.1.1}{\376\377\000S\000o\000u\000r\000c\000e\000\040\000a\000n\000d\000\040\000O\000v\000e\000r\000v\000i\000e\000w}{subsection.2.1}% 4
\BOOKMARK [3][-]{subsubsection.2.1.2}{\376\377\000C\000l\000a\000s\000s\000\040\000I\000m\000b\000a\000l\000a\000n\000c\000e}{subsection.2.1}% 5
\BOOKMARK [3][-]{subsubsection.2.1.3}{\376\377\000C\000o\000n\000t\000i\000n\000u\000o\000u\000s\000\040\000F\000e\000a\000t\000u\000r\000e\000\040\000D\000i\000s\000t\000r\000i\000b\000u\000t\000i\000o\000n\000s}{subsection.2.1}% 6
\BOOKMARK [3][-]{subsubsection.2.1.4}{\376\377\000C\000a\000t\000e\000g\000o\000r\000i\000c\000a\000l\000\040\000F\000e\000a\000t\000u\000r\000e\000\040\000A\000n\000a\000l\000y\000s\000i\000s}{subsection.2.1}% 7
\BOOKMARK [3][-]{subsubsection.2.1.5}{\376\377\000S\000t\000a\000t\000i\000s\000t\000i\000c\000a\000l\000\040\000S\000i\000g\000n\000i\000f\000i\000c\000a\000n\000c\000e\000\040\000T\000e\000s\000t\000s}{subsection.2.1}% 8
\BOOKMARK [3][-]{subsubsection.2.1.6}{\376\377\000F\000e\000a\000t\000u\000r\000e\000\040\000C\000o\000r\000r\000e\000l\000a\000t\000i\000o\000n\000\040\000a\000n\000d\000\040\000M\000i\000s\000s\000i\000n\000g\000\040\000D\000a\000t\000a}{subsection.2.1}% 9
\BOOKMARK [2][-]{subsection.2.2}{\376\377\000D\000a\000t\000a\000s\000e\000t\000\040\000P\000r\000e\000p\000r\000o\000c\000e\000s\000s\000i\000n\000g}{section.2}% 10
\BOOKMARK [3][-]{subsubsection.2.2.1}{\376\377\000T\000r\000a\000i\000n\000\040\000/\000\040\000T\000e\000s\000t\000\040\000S\000p\000l\000i\000t}{subsection.2.2}% 11
\BOOKMARK [3][-]{subsubsection.2.2.2}{\376\377\000P\000r\000e\000p\000r\000o\000c\000e\000s\000s\000i\000n\000g\000\040\000P\000i\000p\000e\000l\000i\000n\000e}{subsection.2.2}% 12
\BOOKMARK [3][-]{subsubsection.2.2.3}{\376\377\000I\000m\000b\000a\000l\000a\000n\000c\000e\000\040\000H\000a\000n\000d\000l\000i\000n\000g}{subsection.2.2}% 13
\BOOKMARK [3][-]{subsubsection.2.2.4}{\376\377\000C\000r\000o\000s\000s\000-\000V\000a\000l\000i\000d\000a\000t\000i\000o\000n}{subsection.2.2}% 14
\BOOKMARK [1][-]{section.3}{\376\377\000C\000o\000d\000i\000n\000g\000\040\000E\000n\000v\000i\000r\000o\000n\000m\000e\000n\000t}{}% 15
\BOOKMARK [1][-]{section.4}{\376\377\000D\000e\000t\000a\000i\000l\000s\000\040\000o\000f\000\040\000t\000h\000e\000\040\000T\000r\000a\000i\000n\000e\000d\000\040\000M\000o\000d\000e\000l\000s}{}% 16
\BOOKMARK [2][-]{subsection.4.1}{\376\377\000C\000l\000a\000s\000s\000i\000c\000a\000l\000\040\000M\000a\000c\000h\000i\000n\000e\000\040\000L\000e\000a\000r\000n\000i\000n\000g\000\040\000M\000o\000d\000e\000l\000s}{section.4}% 17
\BOOKMARK [3][-]{subsubsection.4.1.1}{\376\377\000L\000o\000g\000i\000s\000t\000i\000c\000\040\000R\000e\000g\000r\000e\000s\000s\000i\000o\000n}{subsection.4.1}% 18
\BOOKMARK [3][-]{subsubsection.4.1.2}{\376\377\000G\000a\000u\000s\000s\000i\000a\000n\000\040\000N\000a\000i\000v\000e\000\040\000B\000a\000y\000e\000s}{subsection.4.1}% 19
\BOOKMARK [3][-]{subsubsection.4.1.3}{\376\377\000k\000-\000N\000e\000a\000r\000e\000s\000t\000\040\000N\000e\000i\000g\000h\000b\000o\000u\000r\000s}{subsection.4.1}% 20
\BOOKMARK [3][-]{subsubsection.4.1.4}{\376\377\000S\000u\000p\000p\000o\000r\000t\000\040\000V\000e\000c\000t\000o\000r\000\040\000M\000a\000c\000h\000i\000n\000e\000\040\000\050\000R\000B\000F\000\040\000K\000e\000r\000n\000e\000l\000\051}{subsection.4.1}% 21
\BOOKMARK [3][-]{subsubsection.4.1.5}{\376\377\000R\000a\000n\000d\000o\000m\000\040\000F\000o\000r\000e\000s\000t}{subsection.4.1}% 22
\BOOKMARK [3][-]{subsubsection.4.1.6}{\376\377\000X\000G\000B\000o\000o\000s\000t}{subsection.4.1}% 23
\BOOKMARK [2][-]{subsection.4.2}{\376\377\000D\000e\000e\000p\000\040\000L\000e\000a\000r\000n\000i\000n\000g\000:\000\040\000P\000y\000T\000o\000r\000c\000h\000\040\000M\000L\000P}{section.4}% 24
\BOOKMARK [3][-]{subsubsection.4.2.1}{\376\377\000A\000r\000c\000h\000i\000t\000e\000c\000t\000u\000r\000e}{subsection.4.2}% 25
\BOOKMARK [3][-]{subsubsection.4.2.2}{\376\377\000L\000o\000s\000s\000\040\000F\000u\000n\000c\000t\000i\000o\000n\000s}{subsection.4.2}% 26
\BOOKMARK [3][-]{subsubsection.4.2.3}{\376\377\000T\000r\000a\000i\000n\000i\000n\000g\000\040\000C\000o\000n\000f\000i\000g\000u\000r\000a\000t\000i\000o\000n}{subsection.4.2}% 27
\BOOKMARK [1][-]{section.5}{\376\377\000E\000x\000p\000e\000r\000i\000m\000e\000n\000t\000a\000l\000\040\000S\000e\000t\000u\000p}{}% 28
\BOOKMARK [2][-]{subsection.5.1}{\376\377\000E\000x\000p\000e\000r\000i\000m\000e\000n\000t\000\040\0000\000\040\040\024\000\040\000B\000a\000s\000e\000l\000i\000n\000e}{section.5}% 29
\BOOKMARK [2][-]{subsection.5.2}{\376\377\000E\000x\000p\000e\000r\000i\000m\000e\000n\000t\000\040\0001\000\040\040\024\000\040\000C\000l\000a\000s\000s\000\040\000W\000e\000i\000g\000h\000t\000i\000n\000g}{section.5}% 30
\BOOKMARK [2][-]{subsection.5.3}{\376\377\000E\000x\000p\000e\000r\000i\000m\000e\000n\000t\000\040\0002\000\040\040\024\000\040\000S\000M\000O\000T\000E}{section.5}% 31
\BOOKMARK [2][-]{subsection.5.4}{\376\377\000E\000x\000p\000e\000r\000i\000m\000e\000n\000t\000\040\0003\000\040\040\024\000\040\000A\000D\000A\000S\000Y\000N}{section.5}% 32
\BOOKMARK [2][-]{subsection.5.5}{\376\377\000E\000x\000p\000e\000r\000i\000m\000e\000n\000t\000\040\0004\000\040\040\024\000\040\000T\000h\000r\000e\000s\000h\000o\000l\000d\000\040\000T\000u\000n\000i\000n\000g}{section.5}% 33
\BOOKMARK [2][-]{subsection.5.6}{\376\377\000H\000y\000p\000e\000r\000p\000a\000r\000a\000m\000e\000t\000e\000r\000\040\000S\000e\000a\000r\000c\000h}{section.5}% 34
\BOOKMARK [2][-]{subsection.5.7}{\376\377\000C\000a\000l\000i\000b\000r\000a\000t\000i\000o\000n}{section.5}% 35
\BOOKMARK [1][-]{section.6}{\376\377\000R\000e\000s\000u\000l\000t\000s\000\040\000\046\000\040\000D\000i\000s\000c\000u\000s\000s\000i\000o\000n}{}% 36
\BOOKMARK [2][-]{subsection.6.1}{\376\377\000B\000a\000s\000e\000l\000i\000n\000e\000\040\000R\000e\000s\000u\000l\000t\000s\000\040\000\050\000E\000x\000p\000e\000r\000i\000m\000e\000n\000t\000\040\0000\000\051}{section.6}% 37
\BOOKMARK [2][-]{subsection.6.2}{\376\377\000E\000f\000f\000e\000c\000t\000\040\000o\000f\000\040\000I\000m\000b\000a\000l\000a\000n\000c\000e\000\040\000H\000a\000n\000d\000l\000i\000n\000g\000\040\000\050\000E\000x\000p\000e\000r\000i\000m\000e\000n\000t\000s\000\040\0001\040\023\0003\000\051}{section.6}% 38
\BOOKMARK [2][-]{subsection.6.3}{\376\377\000D\000e\000e\000p\000\040\000L\000e\000a\000r\000n\000i\000n\000g\000\040\000R\000e\000s\000u\000l\000t\000s}{section.6}% 39
\BOOKMARK [2][-]{subsection.6.4}{\376\377\000H\000y\000p\000e\000r\000p\000a\000r\000a\000m\000e\000t\000e\000r\000\040\000S\000e\000a\000r\000c\000h\000\040\000R\000e\000s\000u\000l\000t\000s}{section.6}% 40
\BOOKMARK [2][-]{subsection.6.5}{\376\377\000W\000i\000n\000n\000e\000r\000\040\000M\000o\000d\000e\000l\000\040\000A\000n\000a\000l\000y\000s\000i\000s}{section.6}% 41
\BOOKMARK [3][-]{subsubsection.6.5.1}{\376\377\000P\000e\000r\000f\000o\000r\000m\000a\000n\000c\000e\000\040\000S\000u\000m\000m\000a\000r\000y}{subsection.6.5}% 42
\BOOKMARK [3][-]{subsubsection.6.5.2}{\376\377\000T\000h\000r\000e\000s\000h\000o\000l\000d\000\040\000A\000n\000a\000l\000y\000s\000i\000s}{subsection.6.5}% 43
\BOOKMARK [2][-]{subsection.6.6}{\376\377\000C\000a\000l\000i\000b\000r\000a\000t\000i\000o\000n}{section.6}% 44
\BOOKMARK [2][-]{subsection.6.7}{\376\377\000F\000e\000a\000t\000u\000r\000e\000\040\000I\000m\000p\000o\000r\000t\000a\000n\000c\000e\000\040\000a\000n\000d\000\040\000I\000n\000t\000e\000r\000p\000r\000e\000t\000a\000b\000i\000l\000i\000t\000y}{section.6}% 45
\BOOKMARK [2][-]{subsection.6.8}{\376\377\000C\000o\000m\000p\000r\000e\000h\000e\000n\000s\000i\000v\000e\000\040\000M\000o\000d\000e\000l\000\040\000C\000o\000m\000p\000a\000r\000i\000s\000o\000n}{section.6}% 46
\BOOKMARK [1][-]{section.7}{\376\377\000C\000o\000n\000c\000l\000u\000s\000i\000o\000n\000s}{}% 47
\BOOKMARK [2][-]{subsection.7.1}{\376\377\000K\000e\000y\000\040\000F\000i\000n\000d\000i\000n\000g\000s}{section.7}% 48
\BOOKMARK [2][-]{subsection.7.2}{\376\377\000M\000e\000t\000h\000o\000d\000s\000\040\000L\000e\000a\000r\000n\000e\000d}{section.7}% 49
\BOOKMARK [2][-]{subsection.7.3}{\376\377\000F\000u\000t\000u\000r\000e\000\040\000D\000i\000r\000e\000c\000t\000i\000o\000n\000s}{section.7}% 50
\BOOKMARK [1][-]{section.8}{\376\377\000W\000o\000r\000k\000l\000o\000a\000d\000\040\000D\000i\000s\000t\000r\000i\000b\000u\000t\000i\000o\000n}{}% 51
\BOOKMARK [1][-]{section.A}{\376\377\000A\000d\000d\000i\000t\000i\000o\000n\000a\000l\000\040\000F\000i\000g\000u\000r\000e\000s}{}% 52
\BOOKMARK [1][-]{figure.caption.30}{\376\377\000R\000e\000f\000e\000r\000e\000n\000c\000e\000s}{}% 53
