This is pdfTeX, Version 3.141592653-2.6-1.40.29 (TeX Live 2026) (preloaded format=pdflatex 2026.5.2)  5 MAY 2026 08:35
entering extended mode
 restricted \write18 enabled.
 %&-line parsing enabled.
**report.tex
(./report.tex
LaTeX2e <2025-11-01>
L3 programming layer <2026-03-20>
(/usr/local/texlive/2026/texmf-dist/tex/latex/base/article.cls
Document Class: article 2025/01/22 v1.4n Standard LaTeX document class
(/usr/local/texlive/2026/texmf-dist/tex/latex/base/size11.clo
File: size11.clo 2025/01/22 v1.4n Standard LaTeX file (size option)
)
\c@part=\count275
\c@section=\count276
\c@subsection=\count277
\c@subsubsection=\count278
\c@paragraph=\count279
\c@subparagraph=\count280
\c@figure=\count281
\c@table=\count282
\abovecaptionskip=\skip49
\belowcaptionskip=\skip50
\bibindent=\dimen150
)
(/usr/local/texlive/2026/texmf-dist/tex/latex/base/fontenc.sty
Package: fontenc 2025/07/18 v2.1d Standard LaTeX package
)
(/usr/local/texlive/2026/texmf-dist/tex/latex/base/inputenc.sty
Package: inputenc 2024/02/08 v1.3d Input encoding file
\inpenc@prehook=\toks17
\inpenc@posthook=\toks18
)
(/usr/local/texlive/2026/texmf-dist/tex/latex/lm/lmodern.sty
Package: lmodern 2015/05/01 v1.6.1 Latin Modern Fonts
LaTeX Font Info:    Overwriting symbol font `operators' in version `normal'
(Font)                  OT1/cmr/m/n --> OT1/lmr/m/n on input line 22.
LaTeX Font Info:    Overwriting symbol font `letters' in version `normal'
(Font)                  OML/cmm/m/it --> OML/lmm/m/it on input line 23.
LaTeX Font Info:    Overwriting symbol font `symbols' in version `normal'
(Font)                  OMS/cmsy/m/n --> OMS/lmsy/m/n on input line 24.
LaTeX Font Info:    Overwriting symbol font `largesymbols' in version `normal'
(Font)                  OMX/cmex/m/n --> OMX/lmex/m/n on input line 25.
LaTeX Font Info:    Overwriting symbol font `operators' in version `bold'
(Font)                  OT1/cmr/bx/n --> OT1/lmr/bx/n on input line 26.
LaTeX Font Info:    Overwriting symbol font `letters' in version `bold'
(Font)                  OML/cmm/b/it --> OML/lmm/b/it on input line 27.
LaTeX Font Info:    Overwriting symbol font `symbols' in version `bold'
(Font)                  OMS/cmsy/b/n --> OMS/lmsy/b/n on input line 28.
LaTeX Font Info:    Overwriting symbol font `largesymbols' in version `bold'
(Font)                  OMX/cmex/m/n --> OMX/lmex/m/n on input line 29.
LaTeX Font Info:    Overwriting math alphabet `\mathbf' in version `normal'
(Font)                  OT1/cmr/bx/n --> OT1/lmr/bx/n on input line 31.
LaTeX Font Info:    Overwriting math alphabet `\mathsf' in version `normal'
(Font)                  OT1/cmss/m/n --> OT1/lmss/m/n on input line 32.
LaTeX Font Info:    Overwriting math alphabet `\mathit' in version `normal'
(Font)                  OT1/cmr/m/it --> OT1/lmr/m/it on input line 33.
LaTeX Font Info:    Overwriting math alphabet `\mathtt' in version `normal'
(Font)                  OT1/cmtt/m/n --> OT1/lmtt/m/n on input line 34.
LaTeX Font Info:    Overwriting math alphabet `\mathbf' in version `bold'
(Font)                  OT1/cmr/bx/n --> OT1/lmr/bx/n on input line 35.
LaTeX Font Info:    Overwriting math alphabet `\mathsf' in version `bold'
(Font)                  OT1/cmss/bx/n --> OT1/lmss/bx/n on input line 36.
LaTeX Font Info:    Overwriting math alphabet `\mathit' in version `bold'
(Font)                  OT1/cmr/bx/it --> OT1/lmr/bx/it on input line 37.
LaTeX Font Info:    Overwriting math alphabet `\mathtt' in version `bold'
(Font)                  OT1/cmtt/m/n --> OT1/lmtt/m/n on input line 38.
)
(/usr/local/texlive/2026/texmf-dist/tex/latex/microtype/microtype.sty
Package: microtype 2026/03/01 v3.2d Micro-typographical refinements (RS)

(/usr/local/texlive/2026/texmf-dist/tex/latex/graphics/keyval.sty
Package: keyval 2022/05/29 v1.15 key=value parser (DPC)
\KV@toks@=\toks19
)
(/usr/local/texlive/2026/texmf-dist/tex/latex/etoolbox/etoolbox.sty
Package: etoolbox 2025/10/02 v2.5m e-TeX tools for LaTeX (JAW)
\etb@tempcnta=\count283
)
\MT@toks=\toks20
\MT@tempbox=\box53
\MT@count=\count284
LaTeX Info: Redefining \noprotrusionifhmode on input line 1084.
LaTeX Info: Redefining \leftprotrusion on input line 1085.
\MT@prot@toks=\toks21
LaTeX Info: Redefining \rightprotrusion on input line 1104.
LaTeX Info: Redefining \textls on input line 1449.
\MT@outer@kern=\dimen151
LaTeX Info: Redefining \microtypecontext on input line 2053.
LaTeX Info: Redefining \textmicrotypecontext on input line 2070.
\MT@listname@count=\count285

(/usr/local/texlive/2026/texmf-dist/tex/latex/microtype/microtype-pdftex.def
File: microtype-pdftex.def 2026/03/01 v3.2d Definitions specific to pdftex (RS)

LaTeX Info: Redefining \lsstyle on input line 944.
LaTeX Info: Redefining \lslig on input line 944.
\MT@outer@space=\skip51
)
Package microtype Info: Loading configuration file microtype.cfg.

(/usr/local/texlive/2026/texmf-dist/tex/latex/microtype/microtype.cfg
File: microtype.cfg 2026/03/01 v3.2d microtype main configuration file (RS)
)
LaTeX Info: Redefining \microtypesetup on input line 3065.
)
(/usr/local/texlive/2026/texmf-dist/tex/latex/geometry/geometry.sty
Package: geometry 2026/03/07 v6.0 Page Geometry

(/usr/local/texlive/2026/texmf-dist/tex/generic/iftex/ifvtex.sty
Package: ifvtex 2019/10/25 v1.7 ifvtex legacy package. Use iftex instead.

(/usr/local/texlive/2026/texmf-dist/tex/generic/iftex/iftex.sty
Package: iftex 2024/12/12 v1.0g TeX engine tests
))
\Gm@cnth=\count286
\Gm@cntv=\count287
\c@Gm@tempcnt=\count288
\Gm@bindingoffset=\dimen152
\Gm@wd@mp=\dimen153
\Gm@odd@mp=\dimen154
\Gm@even@mp=\dimen155
\Gm@layoutwidth=\dimen156
\Gm@layoutheight=\dimen157
\Gm@layouthoffset=\dimen158
\Gm@layoutvoffset=\dimen159
\Gm@dimlist=\toks22
)
(/usr/local/texlive/2026/texmf-dist/tex/latex/amsmath/amsmath.sty
Package: amsmath 2025/07/09 v2.17z AMS math features
\@mathmargin=\skip52

For additional information on amsmath, use the `?' option.
(/usr/local/texlive/2026/texmf-dist/tex/latex/amsmath/amstext.sty
Package: amstext 2024/11/17 v2.01 AMS text

(/usr/local/texlive/2026/texmf-dist/tex/latex/amsmath/amsgen.sty
File: amsgen.sty 1999/11/30 v2.0 generic functions
\@emptytoks=\toks23
\ex@=\dimen160
))
(/usr/local/texlive/2026/texmf-dist/tex/latex/amsmath/amsbsy.sty
Package: amsbsy 1999/11/29 v1.2d Bold Symbols
\pmbraise@=\dimen161
)
(/usr/local/texlive/2026/texmf-dist/tex/latex/amsmath/amsopn.sty
Package: amsopn 2022/04/08 v2.04 operator names
)
\inf@bad=\count289
LaTeX Info: Redefining \frac on input line 233.
\uproot@=\count290
\leftroot@=\count291
LaTeX Info: Redefining \overline on input line 398.
LaTeX Info: Redefining \colon on input line 409.
\classnum@=\count292
\DOTSCASE@=\count293
LaTeX Info: Redefining \ldots on input line 495.
LaTeX Info: Redefining \dots on input line 498.
LaTeX Info: Redefining \cdots on input line 619.
\Mathstrutbox@=\box54
\strutbox@=\box55
LaTeX Info: Redefining \big on input line 721.
LaTeX Info: Redefining \Big on input line 722.
LaTeX Info: Redefining \bigg on input line 723.
LaTeX Info: Redefining \Bigg on input line 724.
\big@size=\dimen162
LaTeX Font Info:    Redeclaring font encoding OML on input line 742.
LaTeX Font Info:    Redeclaring font encoding OMS on input line 743.
\macc@depth=\count294
LaTeX Info: Redefining \bmod on input line 904.
LaTeX Info: Redefining \pmod on input line 909.
LaTeX Info: Redefining \smash on input line 939.
LaTeX Info: Redefining \relbar on input line 969.
LaTeX Info: Redefining \Relbar on input line 970.
\c@MaxMatrixCols=\count295
\dotsspace@=\muskip17
\c@parentequation=\count296
\dspbrk@lvl=\count297
\tag@help=\toks24
\row@=\count298
\column@=\count299
\maxfields@=\count300
\andhelp@=\toks25
\eqnshift@=\dimen163
\alignsep@=\dimen164
\tagshift@=\dimen165
\tagwidth@=\dimen166
\totwidth@=\dimen167
\lineht@=\dimen168
\@envbody=\toks26
\multlinegap=\skip53
\multlinetaggap=\skip54
\mathdisplay@stack=\toks27
LaTeX Info: Redefining \[ on input line 2950.
LaTeX Info: Redefining \] on input line 2951.
)
(/usr/local/texlive/2026/texmf-dist/tex/latex/amsfonts/amssymb.sty
Package: amssymb 2013/01/14 v3.01 AMS font symbols

(/usr/local/texlive/2026/texmf-dist/tex/latex/amsfonts/amsfonts.sty
Package: amsfonts 2013/01/14 v3.01 Basic AMSFonts support
\symAMSa=\mathgroup4
\symAMSb=\mathgroup5
LaTeX Font Info:    Redeclaring math symbol \hbar on input line 98.
LaTeX Font Info:    Overwriting math alphabet `\mathfrak' in version `bold'
(Font)                  U/euf/m/n --> U/euf/b/n on input line 106.
))
(/usr/local/texlive/2026/texmf-dist/tex/latex/graphics/graphicx.sty
Package: graphicx 2024/12/31 v1.2e Enhanced LaTeX Graphics (DPC,SPQR)

(/usr/local/texlive/2026/texmf-dist/tex/latex/graphics/graphics.sty
Package: graphics 2024/08/06 v1.4g Standard LaTeX Graphics (DPC,SPQR)

(/usr/local/texlive/2026/texmf-dist/tex/latex/graphics/trig.sty
Package: trig 2023/12/02 v1.11 sin cos tan (DPC)
)
(/usr/local/texlive/2026/texmf-dist/tex/latex/graphics-cfg/graphics.cfg
File: graphics.cfg 2016/06/04 v1.11 sample graphics configuration
)
Package graphics Info: Driver file: pdftex.def on input line 106.

(/usr/local/texlive/2026/texmf-dist/tex/latex/graphics-def/pdftex.def
File: pdftex.def 2025/09/29 v1.2d Graphics/color driver for pdftex
))
\Gin@req@height=\dimen169
\Gin@req@width=\dimen170
)
(/usr/local/texlive/2026/texmf-dist/tex/latex/xcolor/xcolor.sty
Package: xcolor 2024/09/29 v3.02 LaTeX color extensions (UK)

(/usr/local/texlive/2026/texmf-dist/tex/latex/graphics-cfg/color.cfg
File: color.cfg 2016/01/02 v1.6 sample color configuration
)
Package xcolor Info: Driver file: pdftex.def on input line 274.

(/usr/local/texlive/2026/texmf-dist/tex/latex/graphics/mathcolor.ltx)
Package xcolor Info: Model `cmy' substituted by `cmy0' on input line 1349.
Package xcolor Info: Model `hsb' substituted by `rgb' on input line 1353.
Package xcolor Info: Model `RGB' extended on input line 1365.
Package xcolor Info: Model `HTML' substituted by `rgb' on input line 1367.
Package xcolor Info: Model `Hsb' substituted by `hsb' on input line 1368.
Package xcolor Info: Model `tHsb' substituted by `hsb' on input line 1369.
Package xcolor Info: Model `HSB' substituted by `hsb' on input line 1370.
Package xcolor Info: Model `Gray' substituted by `gray' on input line 1371.
Package xcolor Info: Model `wave' substituted by `hsb' on input line 1372.
)
(/usr/local/texlive/2026/texmf-dist/tex/latex/graphics/dvipsnam.def
File: dvipsnam.def 2016/06/17 v3.0m Driver-dependent file (DPC,SPQR)
)
(/usr/local/texlive/2026/texmf-dist/tex/latex/xcolor/svgnam.def
File: svgnam.def 2024/09/29 v3.02 Predefined colors according to SVG 1.1 (UK)
)
(/usr/local/texlive/2026/texmf-dist/tex/latex/colortbl/colortbl.sty
Package: colortbl 2024/10/29 v1.0k Color table columns (DPC)

(/usr/local/texlive/2026/texmf-dist/tex/latex/tools/array.sty
Package: array 2025/09/25 v2.6n Tabular extension package (FMi)
\col@sep=\dimen171
\ar@mcellbox=\box56
\extrarowheight=\dimen172
\NC@list=\toks28
\extratabsurround=\skip55
\backup@length=\skip56
\ar@cellbox=\box57
)
\everycr=\toks29
\minrowclearance=\skip57
\rownum=\count301
)
(/usr/local/texlive/2026/texmf-dist/tex/latex/booktabs/booktabs.sty
Package: booktabs 2020/01/12 v1.61803398 Publication quality tables
\heavyrulewidth=\dimen173
\lightrulewidth=\dimen174
\cmidrulewidth=\dimen175
\belowrulesep=\dimen176
\belowbottomsep=\dimen177
\aboverulesep=\dimen178
\abovetopsep=\dimen179
\cmidrulesep=\dimen180
\cmidrulekern=\dimen181
\defaultaddspace=\dimen182
\@cmidla=\count302
\@cmidlb=\count303
\@aboverulesep=\dimen183
\@belowrulesep=\dimen184
\@thisruleclass=\count304
\@lastruleclass=\count305
\@thisrulewidth=\dimen185
)
(/usr/local/texlive/2026/texmf-dist/tex/latex/multirow/multirow.sty
Package: multirow 2024/11/12 v2.9 Span multiple rows of a table
\multirow@colwidth=\skip58
\multirow@cntb=\count306
\multirow@dima=\skip59
\bigstrutjot=\dimen186
)
(/usr/local/texlive/2026/texmf-dist/tex/latex/tools/tabularx.sty
Package: tabularx 2023/12/11 v2.12a `tabularx' package (DPC)
\TX@col@width=\dimen187
\TX@old@table=\dimen188
\TX@old@col=\dimen189
\TX@target=\dimen190
\TX@delta=\dimen191
\TX@cols=\count307
\TX@ftn=\toks30
)
(/usr/local/texlive/2026/texmf-dist/tex/latex/makecell/makecell.sty
Package: makecell 2009/08/03 V0.1e Managing of Tab Column Heads and Cells
\rotheadsize=\dimen192
\c@nlinenum=\count308
\TeXr@lab=\toks31
)
(/usr/local/texlive/2026/texmf-dist/tex/latex/caption/caption.sty
Package: caption 2023/08/05 v3.6o Customizing captions (AR)

(/usr/local/texlive/2026/texmf-dist/tex/latex/caption/caption3.sty
Package: caption3 2023/07/31 v2.4d caption3 kernel (AR)
\caption@tempdima=\dimen193
\captionmargin=\dimen194
\caption@leftmargin=\dimen195
\caption@rightmargin=\dimen196
\caption@width=\dimen197
\caption@indent=\dimen198
\caption@parindent=\dimen199
\caption@hangindent=\dimen256
Package caption Info: Standard document class detected.
)
\c@caption@flags=\count309
\c@continuedfloat=\count310
)
(/usr/local/texlive/2026/texmf-dist/tex/latex/caption/subcaption.sty
Package: subcaption 2023/07/28 v1.6b Sub-captions (AR)
Package caption Info: New subtype `subfigure' on input line 238.
\c@subfigure=\count311
Package caption Info: New subtype `subtable' on input line 238.
\c@subtable=\count312
)
(/usr/local/texlive/2026/texmf-dist/tex/latex/float/float.sty
Package: float 2001/11/08 v1.3d Float enhancements (AL)
\c@float@type=\count313
\float@exts=\toks32
\float@box=\box58
\@float@everytoks=\toks33
\@floatcapt=\box59
)
(/usr/local/texlive/2026/texmf-dist/tex/latex/fancyhdr/fancyhdr.sty
Package: fancyhdr 2025/02/07 v5.2 Extensive control of page headers and footers

\f@nch@headwidth=\skip60
\f@nch@offset@elh=\skip61
\f@nch@offset@erh=\skip62
\f@nch@offset@olh=\skip63
\f@nch@offset@orh=\skip64
\f@nch@offset@elf=\skip65
\f@nch@offset@erf=\skip66
\f@nch@offset@olf=\skip67
\f@nch@offset@orf=\skip68
\f@nch@height=\skip69
\f@nch@footalignment=\skip70
\f@nch@widthL=\skip71
\f@nch@widthC=\skip72
\f@nch@widthR=\skip73
\@temptokenb=\toks34
)
(/usr/local/texlive/2026/texmf-dist/tex/latex/titlesec/titlesec.sty
Package: titlesec 2025/01/04 v2.17 Sectioning titles
\ttl@box=\box60
\beforetitleunit=\skip74
\aftertitleunit=\skip75
\ttl@plus=\dimen257
\ttl@minus=\dimen258
\ttl@toksa=\toks35
\titlewidth=\dimen259
\titlewidthlast=\dimen260
\titlewidthfirst=\dimen261
)
(/usr/local/texlive/2026/texmf-dist/tex/latex/enumitem/enumitem.sty
Package: enumitem 2025/02/06 v3.11 Customized lists
\labelindent=\skip76
\enit@outerparindent=\dimen262
\enit@toks=\toks36
\enit@inbox=\box61
\enit@count@id=\count314
\enitdp@description=\count315
)
(/usr/local/texlive/2026/texmf-dist/tex/latex/natbib/natbib.sty
Package: natbib 2010/09/13 8.31b (PWD, AO)
\bibhang=\skip77
\bibsep=\skip78
LaTeX Info: Redefining \cite on input line 694.
\c@NAT@ctr=\count316
)
(/usr/local/texlive/2026/texmf-dist/tex/latex/hyperref/hyperref.sty
Package: hyperref 2026-04-24 v7.01q Hypertext links for LaTeX

(/usr/local/texlive/2026/texmf-dist/tex/latex/kvsetkeys/kvsetkeys.sty
Package: kvsetkeys 2022-10-05 v1.19 Key value parser (HO)
)
(/usr/local/texlive/2026/texmf-dist/tex/generic/kvdefinekeys/kvdefinekeys.sty
Package: kvdefinekeys 2019-12-19 v1.6 Define keys (HO)
)
(/usr/local/texlive/2026/texmf-dist/tex/generic/pdfescape/pdfescape.sty
Package: pdfescape 2019/12/09 v1.15 Implements pdfTeX's escape features (HO)

(/usr/local/texlive/2026/texmf-dist/tex/generic/ltxcmds/ltxcmds.sty
Package: ltxcmds 2023-12-04 v1.26 LaTeX kernel commands for general use (HO)
)
(/usr/local/texlive/2026/texmf-dist/tex/generic/pdftexcmds/pdftexcmds.sty
Package: pdftexcmds 2020-06-27 v0.33 Utility functions of pdfTeX for LuaTeX (HO
)

(/usr/local/texlive/2026/texmf-dist/tex/generic/infwarerr/infwarerr.sty
Package: infwarerr 2019/12/03 v1.5 Providing info/warning/error messages (HO)
)
Package pdftexcmds Info: \pdf@primitive is available.
Package pdftexcmds Info: \pdf@ifprimitive is available.
Package pdftexcmds Info: \pdfdraftmode found.
))
(/usr/local/texlive/2026/texmf-dist/tex/latex/hycolor/hycolor.sty
Package: hycolor 2020-01-27 v1.10 Color options for hyperref/bookmark (HO)
)
(/usr/local/texlive/2026/texmf-dist/tex/latex/hyperref/nameref.sty
Package: nameref 2026-01-29 v2.58 Cross-referencing by name of section

(/usr/local/texlive/2026/texmf-dist/tex/latex/refcount/refcount.sty
Package: refcount 2019/12/15 v3.6 Data extraction from label references (HO)
)
(/usr/local/texlive/2026/texmf-dist/tex/generic/gettitlestring/gettitlestring.s
ty
Package: gettitlestring 2019/12/15 v1.6 Cleanup title references (HO)
 (/usr/local/texlive/2026/texmf-dist/tex/latex/kvoptions/kvoptions.sty
Package: kvoptions 2022-06-15 v3.15 Key value format for package options (HO)
))
\c@section@level=\count317
)
(/usr/local/texlive/2026/texmf-dist/tex/generic/stringenc/stringenc.sty
Package: stringenc 2019/11/29 v1.12 Convert strings between diff. encodings (HO
)
)
\@linkdim=\dimen263
\Hy@linkcounter=\count318
\Hy@pagecounter=\count319

(/usr/local/texlive/2026/texmf-dist/tex/latex/hyperref/pd1enc.def
File: pd1enc.def 2026-04-24 v7.01q Hyperref: PDFDocEncoding definition (HO)
Now handling font encoding PD1 ...
... no UTF-8 mapping file for font encoding PD1
)
(/usr/local/texlive/2026/texmf-dist/tex/generic/intcalc/intcalc.sty
Package: intcalc 2019/12/15 v1.3 Expandable calculations with integers (HO)
)
\Hy@SavedSpaceFactor=\count320

(/usr/local/texlive/2026/texmf-dist/tex/latex/hyperref/puenc.def
File: puenc.def 2026-04-24 v7.01q Hyperref: PDF Unicode definition (HO)
Now handling font encoding PU ...
... no UTF-8 mapping file for font encoding PU
)
Package hyperref Info: Option `colorlinks' set `true' on input line 4070.
Package hyperref Info: Hyper figures OFF on input line 4199.
Package hyperref Info: Link nesting OFF on input line 4204.
Package hyperref Info: Hyper index ON on input line 4207.
Package hyperref Info: Plain pages OFF on input line 4214.
Package hyperref Info: Backreferencing OFF on input line 4219.
Package hyperref Info: Implicit mode ON; LaTeX internals redefined.
Package hyperref Info: Bookmarks ON on input line 4466.
\c@Hy@tempcnt=\count321

(/usr/local/texlive/2026/texmf-dist/tex/latex/url/url.sty
\Urlmuskip=\muskip18
Package: url 2013/09/16  ver 3.4  Verb mode for urls, etc.
)
LaTeX Info: Redefining \url on input line 4805.
\XeTeXLinkMargin=\dimen264

(/usr/local/texlive/2026/texmf-dist/tex/generic/bitset/bitset.sty
Package: bitset 2019/12/09 v1.3 Handle bit-vector datatype (HO)

(/usr/local/texlive/2026/texmf-dist/tex/generic/bigintcalc/bigintcalc.sty
Package: bigintcalc 2019/12/15 v1.5 Expandable calculations on big integers (HO
)
))
\Fld@menulength=\count322
\Field@Width=\dimen265
\Fld@charsize=\dimen266
Package hyperref Info: Hyper figures OFF on input line 6091.
Package hyperref Info: Link nesting OFF on input line 6096.
Package hyperref Info: Hyper index ON on input line 6099.
Package hyperref Info: backreferencing OFF on input line 6106.
Package hyperref Info: Link coloring ON on input line 6109.
Package hyperref Info: Link coloring with OCG OFF on input line 6116.
Package hyperref Info: PDF/A mode OFF on input line 6121.
\Hy@abspage=\count323
\c@Item=\count324
\c@Hfootnote=\count325
)
Package hyperref Info: Driver (autodetected): hpdftex.

(/usr/local/texlive/2026/texmf-dist/tex/latex/hyperref/hpdftex.def
File: hpdftex.def 2026-04-24 v7.01q Hyperref driver for pdfTeX
\Fld@listcount=\count326
\c@bookmark@seq@number=\count327

(/usr/local/texlive/2026/texmf-dist/tex/latex/rerunfilecheck/rerunfilecheck.sty
Package: rerunfilecheck 2025-06-21 v1.11 Rerun checks for auxiliary files (HO)

(/usr/local/texlive/2026/texmf-dist/tex/generic/uniquecounter/uniquecounter.sty
Package: uniquecounter 2019/12/15 v1.4 Provide unlimited unique counter (HO)
)
Package uniquecounter Info: New unique counter `rerunfilecheck' on input line 2
84.
)
\Hy@SectionHShift=\skip79
)
LaTeX Font Info:    Trying to load font information for T1+lmr on input line 80
.
 (/usr/local/texlive/2026/texmf-dist/tex/latex/lm/t1lmr.fd
File: t1lmr.fd 2015/05/01 v1.6.1 Font defs for Latin Modern
)
(/usr/local/texlive/2026/texmf-dist/tex/latex/l3backend/l3backend-pdftex.def
File: l3backend-pdftex.def 2026-02-18 L3 backend support: PDF output (pdfTeX)
\l__color_backend_stack_int=\count328
)
(./report.aux)
\openout1 = `report.aux'.

LaTeX Font Info:    Checking defaults for OML/cmm/m/it on input line 80.
LaTeX Font Info:    ... okay on input line 80.
LaTeX Font Info:    Checking defaults for OMS/cmsy/m/n on input line 80.
LaTeX Font Info:    ... okay on input line 80.
LaTeX Font Info:    Checking defaults for OT1/cmr/m/n on input line 80.
LaTeX Font Info:    ... okay on input line 80.
LaTeX Font Info:    Checking defaults for T1/cmr/m/n on input line 80.
LaTeX Font Info:    ... okay on input line 80.
LaTeX Font Info:    Checking defaults for TS1/cmr/m/n on input line 80.
LaTeX Font Info:    ... okay on input line 80.
LaTeX Font Info:    Checking defaults for OMX/cmex/m/n on input line 80.
LaTeX Font Info:    ... okay on input line 80.
LaTeX Font Info:    Checking defaults for U/cmr/m/n on input line 80.
LaTeX Font Info:    ... okay on input line 80.
LaTeX Font Info:    Checking defaults for PD1/pdf/m/n on input line 80.
LaTeX Font Info:    ... okay on input line 80.
LaTeX Font Info:    Checking defaults for PU/pdf/m/n on input line 80.
LaTeX Font Info:    ... okay on input line 80.
LaTeX Info: Redefining \microtypecontext on input line 80.
Package microtype Info: Applying patch `item' on input line 80.
Package microtype Info: Applying patch `toc' on input line 80.
Package microtype Info: Applying patch `eqnum' on input line 80.
Package microtype Info: Applying patch `footnote' on input line 80.
Package microtype Info: Applying patch `verbatim' on input line 80.
LaTeX Info: Redefining \microtypesetup on input line 80.
Package microtype Info: Generating PDF output.
Package microtype Info: Character protrusion enabled (level 2).
Package microtype Info: Using default protrusion set `alltext'.
Package microtype Info: Automatic font expansion enabled (level 2),
(microtype)             stretch: 20, shrink: 20, step: 1, non-selected.
Package microtype Info: Using default expansion set `alltext-nott'.
Package microtype Info: Patching command `\showhyphens'.
Package microtype Info: No adjustment of tracking.
Package microtype Info: No adjustment of interword spacing.
Package microtype Info: No adjustment of character kerning.

(/usr/local/texlive/2026/texmf-dist/tex/latex/microtype/mt-cmr.cfg
File: mt-cmr.cfg 2013/05/19 v2.2 microtype config. file: Computer Modern Roman 
(RS)
)
*geometry* driver: auto-detecting
*geometry* detected driver: pdftex
*geometry* verbose mode - [ preamble ] result:
* driver: pdftex
* paper: a4paper
* layout: <same size as paper>
* layoutoffset:(h,v)=(0.0pt,0.0pt)
* modes: 
* h-part:(L,W,R)=(79.6678pt, 438.17227pt, 79.6678pt)
* v-part:(T,H,B)=(71.13188pt, 702.78308pt, 71.13188pt)
* \paperwidth=597.50787pt
* \paperheight=845.04684pt
* \textwidth=438.17227pt
* \textheight=702.78308pt
* \oddsidemargin=7.39781pt
* \evensidemargin=7.39781pt
* \topmargin=-38.1381pt
* \headheight=12.0pt
* \headsep=25.0pt
* \topskip=11.0pt
* \footskip=30.0pt
* \marginparwidth=50.0pt
* \marginparsep=10.0pt
* \columnsep=10.0pt
* \skip\footins=10.0pt plus 4.0pt minus 2.0pt
* \hoffset=0.0pt
* \voffset=0.0pt
* \mag=1000
* \@twocolumnfalse
* \@twosidefalse
* \@mparswitchfalse
* \@reversemarginfalse
* (1in=72.27pt=25.4mm, 1cm=28.453pt)

(/usr/local/texlive/2026/texmf-dist/tex/context/base/mkii/supp-pdf.mkii
[Loading MPS to PDF converter (version 2006.09.02).]
\scratchcounter=\count329
\scratchdimen=\dimen267
\scratchbox=\box62
\nofMPsegments=\count330
\nofMParguments=\count331
\everyMPshowfont=\toks37
\MPscratchCnt=\count332
\MPscratchDim=\dimen268
\MPnumerator=\count333
\makeMPintoPDFobject=\count334
\everyMPtoPDFconversion=\toks38
) (/usr/local/texlive/2026/texmf-dist/tex/latex/epstopdf-pkg/epstopdf-base.sty
Package: epstopdf-base 2020-01-24 v2.11 Base part for package epstopdf
Package epstopdf-base Info: Redefining graphics rule for `.eps' on input line 4
85.

(/usr/local/texlive/2026/texmf-dist/tex/latex/latexconfig/epstopdf-sys.cfg
File: epstopdf-sys.cfg 2010/07/13 v1.3 Configuration of (r)epstopdf for TeX Liv
e
))
Package caption Info: Begin \AtBeginDocument code.
Package caption Info: float package is loaded.
Package caption Info: hyperref package is loaded.
Package caption Info: End \AtBeginDocument code.
Package hyperref Info: Link coloring ON on input line 80.

(./report.out) (./report.out)
\@outlinefile=\write3
\openout3 = `report.out'.

<bilkent_logo.png, id=217, 225.84375pt x 225.84375pt>
File: bilkent_logo.png Graphic file (type png)
<use bilkent_logo.png>
Package pdftex.def Info: bilkent_logo.png  used on input line 87.
(pdftex.def)             Requested size: 184.03154pt x 184.04207pt.
LaTeX Font Info:    Trying to load font information for OT1+lmr on input line 9
9.

(/usr/local/texlive/2026/texmf-dist/tex/latex/lm/ot1lmr.fd
File: ot1lmr.fd 2015/05/01 v1.6.1 Font defs for Latin Modern
)
LaTeX Font Info:    Trying to load font information for OML+lmm on input line 9
9.

(/usr/local/texlive/2026/texmf-dist/tex/latex/lm/omllmm.fd
File: omllmm.fd 2015/05/01 v1.6.1 Font defs for Latin Modern
)
LaTeX Font Info:    Trying to load font information for OMS+lmsy on input line 
99.

(/usr/local/texlive/2026/texmf-dist/tex/latex/lm/omslmsy.fd
File: omslmsy.fd 2015/05/01 v1.6.1 Font defs for Latin Modern
)
LaTeX Font Info:    Trying to load font information for OMX+lmex on input line 
99.

(/usr/local/texlive/2026/texmf-dist/tex/latex/lm/omxlmex.fd
File: omxlmex.fd 2015/05/01 v1.6.1 Font defs for Latin Modern
)
LaTeX Font Info:    External font `lmex10' loaded for size
(Font)              <10.95> on input line 99.
LaTeX Font Info:    External font `lmex10' loaded for size
(Font)              <8> on input line 99.
LaTeX Font Info:    External font `lmex10' loaded for size
(Font)              <6> on input line 99.
LaTeX Font Info:    Trying to load font information for U+msa on input line 99.


(/usr/local/texlive/2026/texmf-dist/tex/latex/amsfonts/umsa.fd
File: umsa.fd 2013/01/14 v3.01 AMS symbols A
)
(/usr/local/texlive/2026/texmf-dist/tex/latex/microtype/mt-msa.cfg
File: mt-msa.cfg 2006/02/04 v1.1 microtype config. file: AMS symbols (a) (RS)
)
LaTeX Font Info:    Trying to load font information for U+msb on input line 99.


(/usr/local/texlive/2026/texmf-dist/tex/latex/amsfonts/umsb.fd
File: umsb.fd 2013/01/14 v3.01 AMS symbols B
)
(/usr/local/texlive/2026/texmf-dist/tex/latex/microtype/mt-msb.cfg
File: mt-msb.cfg 2005/06/01 v1.0 microtype config. file: AMS symbols (b) (RS)
) [1

{/usr/local/texlive/2026/texmf-var/fonts/map/pdftex/updmap/pdftex.map}{/usr/loc
al/texlive/2026/texmf-dist/fonts/enc/dvips/lm/lm-ec.enc} <./bilkent_logo.png (P
NG copy)>] (./report.toc
pdfTeX warning (ext4): destination with the same identifier (name{page.1}) has 
been already used, duplicate ignored
<to be read again> 
                   \relax 
l.47 ...\numberline {7}Conclusions}{16}{section.7}
                                                  % [1

{/usr/local/texlive/2026/texmf-dist/fonts/enc/dvips/lm/lm-mathit.enc}])
\tf@toc=\write4
\openout4 = `report.toc'.

 [2]
LaTeX Font Info:    Trying to load font information for TS1+lmr on input line 1
39.

(/usr/local/texlive/2026/texmf-dist/tex/latex/lm/ts1lmr.fd
File: ts1lmr.fd 2015/05/01 v1.6.1 Font defs for Latin Modern
)
LaTeX Font Info:    Trying to load font information for T1+lmtt on input line 1
71.

(/usr/local/texlive/2026/texmf-dist/tex/latex/lm/t1lmtt.fd
File: t1lmtt.fd 2015/05/01 v1.6.1 Font defs for Latin Modern
)
Package microtype Info: Loading generic protrusion settings for font family
(microtype)             `lmtt' (encoding: T1).
(microtype)             For optimal results, create family-specific settings.
(microtype)             See the microtype manual for details.

Underfull \hbox (badness 10000) in paragraph at lines 172--173
[]|\T1/lmr/m/n/10.95 (+20) 5 (\T1/lmtt/m/n/10.95 gender\T1/lmr/m/n/10.95 (+20) 
, \T1/lmtt/m/n/10.95 ever_married\T1/lmr/m/n/10.95 (+20) , \T1/lmtt/m/n/10.95 w
ork_type\T1/lmr/m/n/10.95 (+20) ,
 []

<outputs/figures/01_class_distribution.png, id=294, 1434.35875pt x 1128.215pt>
File: outputs/figures/01_class_distribution.png Graphic file (type png)
<use outputs/figures/01_class_distribution.png>
Package pdftex.def Info: outputs/figures/01_class_distribution.png  used on inp
ut line 186.
(pdftex.def)             Requested size: 227.85144pt x 179.20973pt.
LaTeX Font Info:    External font `lmex10' loaded for size
(Font)              <10> on input line 187.
LaTeX Font Info:    External font `lmex10' loaded for size
(Font)              <7> on input line 187.
LaTeX Font Info:    External font `lmex10' loaded for size
(Font)              <5> on input line 187.
[3

{/usr/local/texlive/2026/texmf-dist/fonts/enc/dvips/lm/lm-rm.enc}{/usr/local/te
xlive/2026/texmf-dist/fonts/enc/dvips/lm/lm-ts1.enc}]
<outputs/figures/02_continuous_kde.png, id=311, 4176.60374pt x 1240.635pt>
File: outputs/figures/02_continuous_kde.png Graphic file (type png)
<use outputs/figures/02_continuous_kde.png>
Package pdftex.def Info: outputs/figures/02_continuous_kde.png  used on input l
ine 197.
(pdftex.def)             Requested size: 385.59373pt x 114.52977pt.
<outputs/figures/03_categorical_stroke_rates.png, id=314, 5381.10374pt x 2468.2
2125pt>
File: outputs/figures/03_categorical_stroke_rates.png Graphic file (type png)
<use outputs/figures/03_categorical_stroke_rates.png>
Package pdftex.def Info: outputs/figures/03_categorical_stroke_rates.png  used 
on input line 226.
(pdftex.def)             Requested size: 385.59373pt x 176.86063pt.
 [4{/usr/local/texlive/2026/texmf-dist/fonts/enc/dvips/lm/lm-mathsy.enc} <./out
puts/figures/01_class_distribution.png> <./outputs/figures/02_continuous_kde.pn
g>]
<outputs/figures/05_correlation_heatmap.png, id=327, 2067.725pt x 1821.80624pt>

File: outputs/figures/05_correlation_heatmap.png Graphic file (type png)
<use outputs/figures/05_correlation_heatmap.png>
Package pdftex.def Info: outputs/figures/05_correlation_heatmap.png  used on in
put line 266.
(pdftex.def)             Requested size: 210.32082pt x 185.30472pt.
<outputs/figures/04_missing_data_audit.png, id=328, 3574.35374pt x 2365.83875pt
>
File: outputs/figures/04_missing_data_audit.png Graphic file (type png)
<use outputs/figures/04_missing_data_audit.png>
Package pdftex.def Info: outputs/figures/04_missing_data_audit.png  used on inp
ut line 272.
(pdftex.def)             Requested size: 210.32082pt x 139.20062pt.
 [5 <./outputs/figures/03_categorical_stroke_rates.png>]
Underfull \hbox (badness 10000) in paragraph at lines 305--307
[]\T1/lmr/bx/n/10.95 (+20) Categorical block \T1/lmr/m/n/10.95 (+20) (\T1/lmtt/
m/n/10.95 gender\T1/lmr/m/n/10.95 (+20) , \T1/lmtt/m/n/10.95 ever_married\T1/lm
r/m/n/10.95 (+20) , \T1/lmtt/m/n/10.95 work_type\T1/lmr/m/n/10.95 (+20) , \T1/l
mtt/m/n/10.95 Residence_type\T1/lmr/m/n/10.95 (+20) ,
 []

[6 <./outputs/figures/05_correlation_heatmap.png> <./outputs/figures/04_missing
_data_audit.png>]

Package hyperref Warning: Token not allowed in a PDF string (Unicode):
(hyperref)                removing `math shift' on input line 375.


Package hyperref Warning: Token not allowed in a PDF string (Unicode):
(hyperref)                removing `math shift' on input line 375.

[7] [8] [9{/usr/local/texlive/2026/texmf-dist/fonts/enc/dvips/lm/lm-mathex.enc}
]
Underfull \hbox (badness 10000) in paragraph at lines 533--533
[]|$\OML/lmm/m/it/10.95 C \OMS/lmsy/m/n/10.95 2 f\OT1/lmr/m/n/10.95 (+20) 0\OML
/lmm/m/it/10.95 :\OT1/lmr/m/n/10.95 (+20) 1\OML/lmm/m/it/10.95 ; \OT1/lmr/m/n/1
0.95 (+20) 1\OML/lmm/m/it/10.95 ; \OT1/lmr/m/n/10.95 (+20) 10\OML/lmm/m/it/10.9
5 ; \OT1/lmr/m/n/10.95 (+20) 100\OMS/lmsy/m/n/10.95 g$\T1/lmr/m/n/10.95 (+20) ;
 $\OML/lmm/m/it/10.95 ^^M \OMS/lmsy/m/n/10.95 2
 []


Underfull \hbox (badness 10000) in paragraph at lines 534--534
[]|\T1/lmtt/m/n/10.95 n_estimators $\OMS/lmsy/m/n/10.95 2 f\OT1/lmr/m/n/10.95 (
+20) 100\OML/lmm/m/it/10.95 ; \OT1/lmr/m/n/10.95 (+20) 200\OML/lmm/m/it/10.95 ;
 \OT1/lmr/m/n/10.95 (+20) 300\OMS/lmsy/m/n/10.95 g$\T1/lmr/m/n/10.95 (+20) ; \T
1/lmtt/m/n/10.95 max_depth\T1/lmr/m/n/10.95 (+20) ;
 []


Underfull \hbox (badness 10000) in paragraph at lines 535--535
[]|\T1/lmtt/m/n/10.95 n_estimators\T1/lmr/m/n/10.95 (+20) , \T1/lmtt/m/n/10.95 
max_depth\T1/lmr/m/n/10.95 (+20) , \T1/lmtt/m/n/10.95 learning_rate\T1/lmr/m/n/
10.95 (+20) ,
 []

[10] [11]
<outputs/figures/dl_mlp_training_history_bce.png, id=398, 2120.92375pt x 1653.1
7625pt>
File: outputs/figures/dl_mlp_training_history_bce.png Graphic file (type png)
<use outputs/figures/dl_mlp_training_history_bce.png>
Package pdftex.def Info: outputs/figures/dl_mlp_training_history_bce.png  used 
on input line 640.
(pdftex.def)             Requested size: 140.21832pt x 109.27646pt.
<outputs/figures/dl_mlp_training_history_weighted.png, id=399, 2090.81125pt x 1
653.17625pt>
File: outputs/figures/dl_mlp_training_history_weighted.png Graphic file (type p
ng)
<use outputs/figures/dl_mlp_training_history_weighted.png>
Package pdftex.def Info: outputs/figures/dl_mlp_training_history_weighted.png  
used on input line 645.
(pdftex.def)             Requested size: 140.21832pt x 110.86565pt.
<outputs/figures/dl_mlp_training_history_focal.png, id=400, 2150.0325pt x 1653.
17625pt>
File: outputs/figures/dl_mlp_training_history_focal.png Graphic file (type png)

<use outputs/figures/dl_mlp_training_history_focal.png>
Package pdftex.def Info: outputs/figures/dl_mlp_training_history_focal.png  use
d on input line 650.
(pdftex.def)             Requested size: 140.21832pt x 107.81339pt.
 [12 <./outputs/figures/dl_mlp_training_history_bce.png> <./outputs/figures/dl_
mlp_training_history_weighted.png> <./outputs/figures/dl_mlp_training_history_f
ocal.png>]
<outputs/figures/winner_analysis/roc_pr_curves.png, id=412, 3808.2275pt x 1768.
6075pt>
File: outputs/figures/winner_analysis/roc_pr_curves.png Graphic file (type png)

<use outputs/figures/winner_analysis/roc_pr_curves.png>
Package pdftex.def Info: outputs/figures/winner_analysis/roc_pr_curves.png  use
d on input line 716.
(pdftex.def)             Requested size: 210.32082pt x 97.66502pt.
<outputs/figures/winner_analysis/confusion_matrix.png, id=413, 1895.08pt x 1765
.59625pt>
File: outputs/figures/winner_analysis/confusion_matrix.png Graphic file (type p
ng)
<use outputs/figures/winner_analysis/confusion_matrix.png>
Package pdftex.def Info: outputs/figures/winner_analysis/confusion_matrix.png  
used on input line 722.
(pdftex.def)             Requested size: 210.32082pt x 195.9404pt.
<outputs/figures/winner_analysis/threshold_sweep.png, id=415, 2971.1pt x 1767.6
0374pt>
File: outputs/figures/winner_analysis/threshold_sweep.png Graphic file (type pn
g)
<use outputs/figures/winner_analysis/threshold_sweep.png>
Package pdftex.def Info: outputs/figures/winner_analysis/threshold_sweep.png  u
sed on input line 736.
(pdftex.def)             Requested size: 306.71924pt x 182.4617pt.
 [13 <./outputs/figures/winner_analysis/roc_pr_curves.png> <./outputs/figures/w
inner_analysis/confusion_matrix.png>]
<outputs/figures/winner_analysis/calibration_curve.png, id=427, 4020.01875pt x 
1767.60374pt>
File: outputs/figures/winner_analysis/calibration_curve.png Graphic file (type 
png)
<use outputs/figures/winner_analysis/calibration_curve.png>
Package pdftex.def Info: outputs/figures/winner_analysis/calibration_curve.png 
 used on input line 765.
(pdftex.def)             Requested size: 210.32082pt x 92.45804pt.
<outputs/figures/reliability_diagrams.png, id=428, 5832.79124pt x 5028.7875pt>
File: outputs/figures/reliability_diagrams.png Graphic file (type png)
<use outputs/figures/reliability_diagrams.png>
Package pdftex.def Info: outputs/figures/reliability_diagrams.png  used on inpu
t line 770.
(pdftex.def)             Requested size: 210.32082pt x 181.32013pt.
 [14 <./outputs/figures/winner_analysis/threshold_sweep.png> <./outputs/figures
/winner_analysis/calibration_curve.png> <./outputs/figures/reliability_diagrams
.png>]
<outputs/figures/shap_lime/shap_bar.png, id=439, 1341.01pt x 883.3pt>
File: outputs/figures/shap_lime/shap_bar.png Graphic file (type png)
<use outputs/figures/shap_lime/shap_bar.png>
Package pdftex.def Info: outputs/figures/shap_lime/shap_bar.png  used on input 
line 800.
(pdftex.def)             Requested size: 210.32082pt x 138.52745pt.
<outputs/figures/shap_lime/shap_beeswarm.png, id=440, 1185.42876pt x 1109.14375
pt>
File: outputs/figures/shap_lime/shap_beeswarm.png Graphic file (type png)
<use outputs/figures/shap_lime/shap_beeswarm.png>
Package pdftex.def Info: outputs/figures/shap_lime/shap_beeswarm.png  used on i
nput line 805.
(pdftex.def)             Requested size: 210.32082pt x 196.77708pt.
 [15 <./outputs/figures/shap_lime/shap_bar.png> <./outputs/figures/shap_lime/sh
ap_beeswarm.png>]
<outputs/figures/winner_analysis/lime_true_positive_highest_conf.png, id=453, 2
971.1pt x 1767.60374pt>
File: outputs/figures/winner_analysis/lime_true_positive_highest_conf.png Graph
ic file (type png)
<use outputs/figures/winner_analysis/lime_true_positive_highest_conf.png>
Package pdftex.def Info: outputs/figures/winner_analysis/lime_true_positive_hig
hest_conf.png  used on input line 845.
(pdftex.def)             Requested size: 210.32082pt x 125.12044pt.
<outputs/figures/winner_analysis/lime_false_negative_missed_stroke.png, id=454,
 2973.1075pt x 1767.60374pt>
File: outputs/figures/winner_analysis/lime_false_negative_missed_stroke.png Gra
phic file (type png)
<use outputs/figures/winner_analysis/lime_false_negative_missed_stroke.png>
Package pdftex.def Info: outputs/figures/winner_analysis/lime_false_negative_mi
ssed_stroke.png  used on input line 850.
(pdftex.def)             Requested size: 210.32082pt x 125.03954pt.
<outputs/figures/master_summary_figure.png, id=456, 5983.35374pt x 3914.625pt>
File: outputs/figures/master_summary_figure.png Graphic file (type png)
<use outputs/figures/master_summary_figure.png>
Package pdftex.def Info: outputs/figures/master_summary_figure.png  used on inp
ut line 863.
(pdftex.def)             Requested size: 403.11768pt x 263.71806pt.
[16 <./outputs/figures/winner_analysis/lime_true_positive_highest_conf.png> <./
outputs/figures/winner_analysis/lime_false_negative_missed_stroke.png> <./outpu
ts/figures/master_summary_figure.png>]
Underfull \hbox (badness 1038) in paragraph at lines 926--927
[]|\T1/lmr/m/n/10.95 (+20) Exploratory data anal-y-sis (\T1/lmtt/m/n/10.95 01_e
da.py\T1/lmr/m/n/10.95 (+20) ); sta-tis-ti-cal sig-
 []


Underfull \hbox (badness 3965) in paragraph at lines 926--927
\T1/lmr/m/n/10.95 (+20) nif-i-cance test-ing; EDA fig-ures; data san-ity checks

 []


Underfull \hbox (badness 1028) in paragraph at lines 938--939
[]|\T1/lmr/m/n/10.95 (+20) Threshold tun-ing (\T1/lmtt/m/n/10.95 07_exp4_thresh
old.py\T1/lmr/m/n/10.95 (+20) ); cal-i-bra-tion
 []

[17]
<outputs/figures/06_pca.png, id=476, 3573.35pt x 1467.4825pt>
File: outputs/figures/06_pca.png Graphic file (type png)
<use outputs/figures/06_pca.png>
Package pdftex.def Info: outputs/figures/06_pca.png  used on input line 951.
(pdftex.def)             Requested size: 306.71924pt x 125.95471pt.
<outputs/figures/shap_lime/lime_global_bar.png, id=477, 1334.9875pt x 883.3pt>
File: outputs/figures/shap_lime/lime_global_bar.png Graphic file (type png)
<use outputs/figures/shap_lime/lime_global_bar.png>
Package pdftex.def Info: outputs/figures/shap_lime/lime_global_bar.png  used on
 input line 958.
(pdftex.def)             Requested size: 210.32082pt x 139.16092pt.
<outputs/figures/shap_lime/permutation_importance.png, id=478, 1333.98375pt x 8
83.3pt>
File: outputs/figures/shap_lime/permutation_importance.png Graphic file (type p
ng)
<use outputs/figures/shap_lime/permutation_importance.png>
Package pdftex.def Info: outputs/figures/shap_lime/permutation_importance.png  
used on input line 963.
(pdftex.def)             Requested size: 210.32082pt x 139.25526pt.
 [18 <./outputs/figures/06_pca.png>]
<outputs/figures/brier_scores.png, id=487, 8573.02875pt x 1767.60374pt>
File: outputs/figures/brier_scores.png Graphic file (type png)
<use outputs/figures/brier_scores.png>
Package pdftex.def Info: outputs/figures/brier_scores.png  used on input line 9
71.
(pdftex.def)             Requested size: 315.48456pt x 65.0281pt.
<outputs/figures/winner_analysis/lime_false_positive_false_alarm.png, id=488, 2
971.1pt x 1767.60374pt>
File: outputs/figures/winner_analysis/lime_false_positive_false_alarm.png Graph
ic file (type png)
<use outputs/figures/winner_analysis/lime_false_positive_false_alarm.png>
Package pdftex.def Info: outputs/figures/winner_analysis/lime_false_positive_fa
lse_alarm.png  used on input line 978.
(pdftex.def)             Requested size: 210.32082pt x 125.12044pt.
<outputs/figures/winner_analysis/lime_true_negative_most_confident.png, id=489,
 2973.1075pt x 1767.60374pt>
File: outputs/figures/winner_analysis/lime_true_negative_most_confident.png Gra
phic file (type png)
<use outputs/figures/winner_analysis/lime_true_negative_most_confident.png>
Package pdftex.def Info: outputs/figures/winner_analysis/lime_true_negative_mos
t_confident.png  used on input line 983.
(pdftex.def)             Requested size: 210.32082pt x 125.03954pt.
 [19 <./outputs/figures/shap_lime/lime_global_bar.png> <./outputs/figures/shap_
lime/permutation_importance.png> <./outputs/figures/brier_scores.png> <./output
s/figures/winner_analysis/lime_false_positive_false_alarm.png> <./outputs/figur
es/winner_analysis/lime_true_negative_most_confident.png>] [20] (./report.aux)
 ***********
LaTeX2e <2025-11-01>
L3 programming layer <2026-03-20>
 ***********
Package rerunfilecheck Info: File `report.out' has not changed.
(rerunfilecheck)             Checksum: 6BA11912239B2E12D1040E455DBDA82C;9059.
 ) 
Here is how much of TeX's memory you used:
 17304 strings out of 467349
 282282 string characters out of 5415642
 754587 words of memory out of 5000000
 45777 multiletter control sequences out of 15000+600000
 738754 words of font info for 217 fonts, out of 8000000 for 9000
 1141 hyphenation exceptions out of 8191
 75i,15n,84p,1003b,645s stack positions out of 10000i,1000n,20000p,200000b,200000s
</usr/local/texlive/2026/texmf-dist/fonts/type1/public/lm/lmbx10.pfb></usr/lo
cal/texlive/2026/texmf-dist/fonts/type1/public/lm/lmbx12.pfb></usr/local/texliv
e/2026/texmf-dist/fonts/type1/public/lm/lmbx8.pfb></usr/local/texlive/2026/texm
f-dist/fonts/type1/public/lm/lmbx9.pfb></usr/local/texlive/2026/texmf-dist/font
s/type1/public/lm/lmex10.pfb></usr/local/texlive/2026/texmf-dist/fonts/type1/pu
blic/lm/lmmi10.pfb></usr/local/texlive/2026/texmf-dist/fonts/type1/public/lm/lm
mi6.pfb></usr/local/texlive/2026/texmf-dist/fonts/type1/public/lm/lmmi8.pfb></u
sr/local/texlive/2026/texmf-dist/fonts/type1/public/lm/lmr10.pfb></usr/local/te
xlive/2026/texmf-dist/fonts/type1/public/lm/lmr12.pfb></usr/local/texlive/2026/
texmf-dist/fonts/type1/public/lm/lmr6.pfb></usr/local/texlive/2026/texmf-dist/f
onts/type1/public/lm/lmr8.pfb></usr/local/texlive/2026/texmf-dist/fonts/type1/p
ublic/lm/lmr9.pfb></usr/local/texlive/2026/texmf-dist/fonts/type1/public/lm/lmr
i10.pfb></usr/local/texlive/2026/texmf-dist/fonts/type1/public/lm/lmsy10.pfb></
usr/local/texlive/2026/texmf-dist/fonts/type1/public/lm/lmsy6.pfb></usr/local/t
exlive/2026/texmf-dist/fonts/type1/public/lm/lmsy7.pfb></usr/local/texlive/2026
/texmf-dist/fonts/type1/public/lm/lmsy8.pfb></usr/local/texlive/2026/texmf-dist
/fonts/type1/public/lm/lmtt10.pfb>
Output written on report.pdf (21 pages, 5538395 bytes).
PDF statistics:
 635 PDF objects out of 1000 (max. 8388607)
 515 compressed objects within 6 object streams
 127 named destinations out of 1000 (max. 500000)
 65574 words of extra memory for PDF output out of 74296 (max. 10000000)

